Γû▓ Next.js 16.1.6 (Turbopack)
- Environments: .env

  Creating an optimized production build ...
Γ£ô Compiled successfully in 1660.8ms
  Running TypeScript ...
node.exe : Failed to 
compile.
At line:1 char:1
+ & "C:\Program 
Files\nodejs/node.exe" 
"C:\Program 
Files\nodejs/node_mo 
...
+ ~~~~~~~~~~~~~~~~~~~~~
~~~~~~~~~~~~~~~~~~~~~~~
~~~~~~~~~~~~~~~~~~~~~~~
~~
    + CategoryInfo     
         : NotSpecifi  
  ed: (Failed to com   
 pile.:String) [],     
RemoteException
    + FullyQualifiedEr 
   rorId : NativeComm  
  andError
 

./prisma.config.ts:11:5
Type error: Object 
literal may only 
specify known 
properties, and 
'directUrl' does not 
exist in type '{ url?: 
string | undefined; 
shadowDatabaseUrl?: 
string | undefined; }'.

[0m [90m  9 |[39m   
datasource[33m:[39m {
 [90m 10 |[39m     
url[33m:[39m process
[33m.[39menv[[32m"DAT
ABASE_URL"[39m][33m,
[39m
[31m[1m>[22m[39m[9
0m 11 |[39m     
directUrl[33m:[39m pr
ocess[33m.[39menv[[3
2m"DIRECT_URL"[39m][3
3m,[39m
 [90m    |[39m     
[31m[1m^[22m[39m
 [90m 12 |[39m   
}[33m,[39m
 [90m 13 |[39m 
})[33m;[39m
 [90m 14 |[39m[0m
Next.js build worker 
exited with code: 1 
and signal: null
