ď»żÎ“Ă»â–“ Next.js 16.1.6 (Turbopack)
- Environments: .env

  Creating an optimized production build ...
Î“ÂŁĂ´ Compiled successfully in 2.1s
  Running TypeScript ...
  Collecting page data using 19 workers ...
  Generating static pages using 19 workers (0/19) ...
  Generating static pages using 19 workers (4/19) 
  Generating static pages using 19 workers (9/19) 
  Generating static pages using 19 workers (14/19) 
Î“ÂŁĂ´ Generating static pages using 19 workers (19/19) in 323.7ms
  Finalizing page optimization ...

Route (app)
Î“Ă¶Ă® Î“ĂąĂŻ /
Î“Ă¶ÂŁ Î“ĂąĂŻ /_not-found
Î“Ă¶ÂŁ Î“ĂąĂŻ /admin
Î“Ă¶ÂŁ â•žĂ† /api/admin/stores
Î“Ă¶ÂŁ â•žĂ† /api/auth/login
Î“Ă¶ÂŁ â•žĂ† /api/auth/logout
Î“Ă¶ÂŁ â•žĂ† /api/auth/me
Î“Ă¶ÂŁ â•žĂ† /api/auth/register
Î“Ă¶ÂŁ â•žĂ† /api/customers
Î“Ă¶ÂŁ â•žĂ† /api/dashboard
Î“Ă¶ÂŁ â•žĂ† /api/orders
Î“Ă¶ÂŁ â•žĂ† /api/orders/[id]
Î“Ă¶ÂŁ â•žĂ† /api/services
Î“Ă¶ÂŁ â•žĂ† /api/settings
Î“Ă¶ÂŁ â•žĂ† /api/waha/send
Î“Ă¶ÂŁ Î“ĂąĂŻ /customers
Î“Ă¶ÂŁ Î“ĂąĂŻ /landing
Î“Ă¶ÂŁ Î“ĂąĂŻ /login
Î“Ă¶ÂŁ Î“ĂąĂŻ /orders
Î“Ă¶ÂŁ Î“ĂąĂŻ /pos
Î“Ă¶ÂŁ Î“ĂąĂŻ /register
Î“Ă¶ÂŁ Î“ĂąĂŻ /reports
Î“Ă¶ÂŁ Î“ĂąĂŻ /services
Î“Ă¶ÂŁ Î“ĂąĂŻ /settings
Î“Ă¶Ă¶ Î“ĂąĂŻ /track


Î“ĂąĂŻ  (Static)   prerendered as static content
â•žĂ†  (Dynamic)  server-rendered on demand

